<?xml version="1.0" encoding="UTF-8"?>
<testsuite xmlns:xsi="http://www.w3.org/2001/XMLSchema-instance" xsi:noNamespaceSchemaLocation="https://maven.apache.org/surefire/maven-surefire-plugin/xsd/surefire-test-report-3.0.xsd" version="3.0" name="com.example.testdocker.TestDockerApplicationTests" time="4.6" tests="1" errors="0" skipped="0" failures="0">
  <properties>
[...]
</properties>
  <testcase name="contextLoads" classname="com.example.testdocker.TestDockerApplicationTests" time="0.682">
    <system-out><![CDATA[14:30:02.283 [main] INFO org.springframework.test.context.support.AnnotationConfigContextLoaderUtils -- Could not detect default configuration classes for test class [com.example.testdocker.TestDockerApplicationTests]: TestDockerApplicationTests does not declare any static, non-private, non-final, nested classes annotated with @Configuration.
14:30:02.415 [main] INFO org.springframework.boot.test.context.SpringBootTestContextBootstrapper -- Found @SpringBootConfiguration com.example.testdocker.TestDockerApplication for test class com.example.testdocker.TestDockerApplicationTests

  .   ____          _            __ _ _
 /\\ / ___'_ __ _ _(_)_ __  __ _ \ \ \ \
( ( )\___ | '_ | '_| | '_ \/ _` | \ \ \ \
 \\/  ___)| |_)| | | | | || (_| |  ) ) ) )
  '  |____| .__|_| |_|_| |_\__, | / / / /
 =========|_|==============|___/=/_/_/_/
 :: Spring Boot ::                (v3.1.9)

2024-03-04T14:30:02.931+01:00  INFO 59264 --- [           main] c.e.t.TestDockerApplicationTests         : Starting TestDockerApplicationTests using Java 17.0.8 with PID 59264 (started by belha in C:\Users\belha\Desktop\testDocker)
2024-03-04T14:30:02.933+01:00  INFO 59264 --- [           main] c.e.t.TestDockerApplicationTests         : No active profile set, falling back to 1 default profile: "default"
2024-03-04T14:30:03.683+01:00  INFO 59264 --- [           main] .s.d.r.c.RepositoryConfigurationDelegate : Bootstrapping Spring Data JPA repositories in DEFAULT mode.
2024-03-04T14:30:03.712+01:00  INFO 59264 --- [           main] .s.d.r.c.RepositoryConfigurationDelegate : Finished Spring Data repository scanning in 17 ms. Found 0 JPA repository interfaces.
2024-03-04T14:30:04.196+01:00  INFO 59264 --- [           main] o.hibernate.jpa.internal.util.LogHelper  : HHH000204: Processing PersistenceUnitInfo [name: default]
2024-03-04T14:30:04.299+01:00  INFO 59264 --- [           main] org.hibernate.Version                    : HHH000412: Hibernate ORM core version 6.2.22.Final
2024-03-04T14:30:04.303+01:00  INFO 59264 --- [           main] org.hibernate.cfg.Environment            : HHH000406: Using bytecode reflection optimizer
2024-03-04T14:30:04.706+01:00  INFO 59264 --- [           main] o.s.o.j.p.SpringPersistenceUnitInfo      : No LoadTimeWeaver setup: ignoring JPA class transformer
2024-03-04T14:30:04.738+01:00  INFO 59264 --- [           main] com.zaxxer.hikari.HikariDataSource       : HikariPool-1 - Starting...
2024-03-04T14:30:04.922+01:00  INFO 59264 --- [           main] com.zaxxer.hikari.pool.HikariPool        : HikariPool-1 - Added connection com.mysql.cj.jdbc.ConnectionImpl@38811103
2024-03-04T14:30:04.926+01:00  INFO 59264 --- [           main] com.zaxxer.hikari.HikariDataSource       : HikariPool-1 - Start completed.
2024-03-04T14:30:05.003+01:00  WARN 59264 --- [           main] org.hibernate.dialect.Dialect            : HHH000511: The 5.5.0 version for [org.hibernate.dialect.MySQLDialect] is no longer supported, hence certain features may not work properly. The minimum supported version is 5.7.0. Check the community dialects project for available legacy versions.
2024-03-04T14:30:05.361+01:00  INFO 59264 --- [           main] o.h.e.t.j.p.i.JtaPlatformInitiator       : HHH000489: No JTA platform available (set 'hibernate.transaction.jta.platform' to enable JTA platform integration)
2024-03-04T14:30:05.368+01:00  INFO 59264 --- [           main] j.LocalContainerEntityManagerFactoryBean : Initialized JPA EntityManagerFactory for persistence unit 'default'
2024-03-04T14:30:05.538+01:00  WARN 59264 --- [           main] JpaBaseConfiguration$JpaWebConfiguration : spring.jpa.open-in-view is enabled by default. Therefore, database queries may be performed during view rendering. Explicitly configure spring.jpa.open-in-view to disable this warning
2024-03-04T14:30:05.990+01:00  INFO 59264 --- [           main] c.e.t.TestDockerApplicationTests         : Started TestDockerApplicationTests in 3.361 seconds (process running for 4.442)
]]></system-out>
  </testcase>
</testsuite>